<?xml version="1.0" encoding="UTF-8" ?>
<testsuite failures="0" time="0.013" errors="0" skipped="0" tests="13" name="org.pojava.datetime.ShiftTester">
  <properties>
[...]
</properties>
  <testcase time="0.004" classname="org.pojava.datetime.ShiftTester" name="testConstructor"/>
  <testcase time="0" classname="org.pojava.datetime.ShiftTester" name="testSettleDay"/>
  <testcase time="0.001" classname="org.pojava.datetime.ShiftTester" name="testFracWeeks"/>
  <testcase time="0" classname="org.pojava.datetime.ShiftTester" name="testFracYears"/>
  <testcase time="0" classname="org.pojava.datetime.ShiftTester" name="testToString24hr"/>
  <testcase time="0" classname="org.pojava.datetime.ShiftTester" name="testToStringSecNanos"/>
  <testcase time="0" classname="org.pojava.datetime.ShiftTester" name="testDayWeekPreservation"/>
  <testcase time="0" classname="org.pojava.datetime.ShiftTester" name="testToStringOverflows"/>
  <testcase time="0" classname="org.pojava.datetime.ShiftTester" name="testLargeValues"/>
  <testcase time="0" classname="org.pojava.datetime.ShiftTester" name="testToStringNanos"/>
  <testcase time="0" classname="org.pojava.datetime.ShiftTester" name="testSettleMinute"/>
  <testcase time="0" classname="org.pojava.datetime.ShiftTester" name="testSettleSecond"/>
  <testcase time="0.001" classname="org.pojava.datetime.ShiftTester" name="testSettleHour"/>
</testsuite>