<?xml version="1.0" encoding="UTF-8" ?>
<testsuite failures="0" time="0.1" errors="0" skipped="0" tests="32" name="org.pojava.datetime.DateTimeFormatTester">
  <properties>
[...]
</properties>
  <testcase time="0" classname="org.pojava.datetime.DateTimeFormatTester" name="testCommonFormats"/>
  <testcase time="0" classname="org.pojava.datetime.DateTimeFormatTester" name="testUniqueFormats"/>
  <testcase time="0" classname="org.pojava.datetime.DateTimeFormatTester" name="testFormat_G_BC"/>
  <testcase time="0" classname="org.pojava.datetime.DateTimeFormatTester" name="testFormat_G_AD"/>
  <testcase time="0" classname="org.pojava.datetime.DateTimeFormatTester" name="testFormat_g_BC"/>
  <testcase time="0" classname="org.pojava.datetime.DateTimeFormatTester" name="testFormat_g_AD"/>
  <testcase time="0" classname="org.pojava.datetime.DateTimeFormatTester" name="testFormat_y_BC"/>
  <testcase time="0" classname="org.pojava.datetime.DateTimeFormatTester" name="testFormat_y_AD"/>
  <testcase time="0" classname="org.pojava.datetime.DateTimeFormatTester" name="testFormat_M"/>
  <testcase time="0" classname="org.pojava.datetime.DateTimeFormatTester" name="testFormat_M_FR"/>
  <testcase time="0" classname="org.pojava.datetime.DateTimeFormatTester" name="testFormat_M_DE"/>
  <testcase time="0" classname="org.pojava.datetime.DateTimeFormatTester" name="testFormat_M_IT"/>
  <testcase time="0" classname="org.pojava.datetime.DateTimeFormatTester" name="testFormat_W"/>
  <testcase time="0" classname="org.pojava.datetime.DateTimeFormatTester" name="testFormat_W_ranges"/>
  <testcase time="0" classname="org.pojava.datetime.DateTimeFormatTester" name="testFormat_w"/>
  <testcase time="0" classname="org.pojava.datetime.DateTimeFormatTester" name="testFormat_w_ranges"/>
  <testcase time="0" classname="org.pojava.datetime.DateTimeFormatTester" name="testFormat_D"/>
  <testcase time="0" classname="org.pojava.datetime.DateTimeFormatTester" name="testFormat_d"/>
  <testcase time="0" classname="org.pojava.datetime.DateTimeFormatTester" name="testFormat_E"/>
  <testcase time="0" classname="org.pojava.datetime.DateTimeFormatTester" name="testFormat_F"/>
  <testcase time="0" classname="org.pojava.datetime.DateTimeFormatTester" name="testFormat_a_AM"/>
  <testcase time="0" classname="org.pojava.datetime.DateTimeFormatTester" name="testFormat_a_PM"/>
  <testcase time="0" classname="org.pojava.datetime.DateTimeFormatTester" name="testFormat_H"/>
  <testcase time="0" classname="org.pojava.datetime.DateTimeFormatTester" name="testFormat_h"/>
  <testcase time="0" classname="org.pojava.datetime.DateTimeFormatTester" name="testFormat_k"/>
  <testcase time="0" classname="org.pojava.datetime.DateTimeFormatTester" name="testFormat_K"/>
  <testcase time="0" classname="org.pojava.datetime.DateTimeFormatTester" name="testFormat_m"/>
  <testcase time="0" classname="org.pojava.datetime.DateTimeFormatTester" name="testFormat_s"/>
  <testcase time="0" classname="org.pojava.datetime.DateTimeFormatTester" name="testFormat_z"/>
  <testcase time="0" classname="org.pojava.datetime.DateTimeFormatTester" name="testFormat_Z"/>
  <testcase time="0" classname="org.pojava.datetime.DateTimeFormatTester" name="testFormat_S"/>
  <testcase time="0" classname="org.pojava.datetime.DateTimeFormatTester" name="testLocale"/>
</testsuite>